-------------------------------------------------------------------------------
Test set: com.cqut.beautifulapp.BeautifulappApplicationTests
-------------------------------------------------------------------------------
Tests run: 1, Failures: 0, Errors: 1, Skipped: 0, Time elapsed: 0.921 s <<< FAILURE! - in com.cqut.beautifulapp.BeautifulappApplicationTests
contextLoads  Time elapsed: 0.004 s  <<< ERROR!
java.lang.IllegalStateException: Failed to load ApplicationContext
Caused by: org.springframework.beans.factory.BeanCreationException: Error creating bean with name 'businessController': Injection of resource dependencies failed; nested exception is org.springframework.beans.factory.BeanCreationException: Error creating bean with name 'businessService': Injection of resource dependencies failed; nested exception is org.springframework.beans.factory.UnsatisfiedDependencyException: Error creating bean with name 'businessDao' defined in file [/Users/michealwang/IdeaProjects/beautifulapp/target/classes/com/cqut/beautifulapp/dao/BusinessDao.class]: Unsatisfied dependency expressed through bean property 'sqlSessionFactory'; nested exception is org.springframework.beans.factory.BeanCreationException: Error creating bean with name 'sqlSessionFactory' defined in class path resource [org/mybatis/spring/boot/autoconfigure/MybatisAutoConfiguration.class]: Bean instantiation via factory method failed; nested exception is org.springframework.beans.BeanInstantiationException: Failed to instantiate [org.apache.ibatis.session.SqlSessionFactory]: Factory method 'sqlSessionFactory' threw exception; nested exception is org.springframework.core.NestedIOException: Failed to parse mapping resource: 'file [/Users/michealwang/IdeaProjects/beautifulapp/target/classes/mapper/ProjectDao.xml]'; nested exception is org.apache.ibatis.builder.BuilderException: Error parsing Mapper XML. The XML location is 'file [/Users/michealwang/IdeaProjects/beautifulapp/target/classes/mapper/ProjectDao.xml]'. Cause: java.lang.IllegalArgumentException: Mapped Statements collection already contains value for com.cqut.beautifulapp.dao.ProjectDao.queryAll. please check file [/Users/michealwang/IdeaProjects/beautifulapp/target/classes/mapper/ProjectDao.xml] and file [/Users/michealwang/IdeaProjects/beautifulapp/target/classes/mapper/ProjectDao.xml]
Caused by: org.springframework.beans.factory.BeanCreationException: Error creating bean with name 'businessService': Injection of resource dependencies failed; nested exception is org.springframework.beans.factory.UnsatisfiedDependencyException: Error creating bean with name 'businessDao' defined in file [/Users/michealwang/IdeaProjects/beautifulapp/target/classes/com/cqut/beautifulapp/dao/BusinessDao.class]: Unsatisfied dependency expressed through bean property 'sqlSessionFactory'; nested exception is org.springframework.beans.factory.BeanCreationException: Error creating bean with name 'sqlSessionFactory' defined in class path resource [org/mybatis/spring/boot/autoconfigure/MybatisAutoConfiguration.class]: Bean instantiation via factory method failed; nested exception is org.springframework.beans.BeanInstantiationException: Failed to instantiate [org.apache.ibatis.session.SqlSessionFactory]: Factory method 'sqlSessionFactory' threw exception; nested exception is org.springframework.core.NestedIOException: Failed to parse mapping resource: 'file [/Users/michealwang/IdeaProjects/beautifulapp/target/classes/mapper/ProjectDao.xml]'; nested exception is org.apache.ibatis.builder.BuilderException: Error parsing Mapper XML. The XML location is 'file [/Users/michealwang/IdeaProjects/beautifulapp/target/classes/mapper/ProjectDao.xml]'. Cause: java.lang.IllegalArgumentException: Mapped Statements collection already contains value for com.cqut.beautifulapp.dao.ProjectDao.queryAll. please check file [/Users/michealwang/IdeaProjects/beautifulapp/target/classes/mapper/ProjectDao.xml] and file [/Users/michealwang/IdeaProjects/beautifulapp/target/classes/mapper/ProjectDao.xml]
Caused by: org.springframework.beans.factory.UnsatisfiedDependencyException: Error creating bean with name 'businessDao' defined in file [/Users/michealwang/IdeaProjects/beautifulapp/target/classes/com/cqut/beautifulapp/dao/BusinessDao.class]: Unsatisfied dependency expressed through bean property 'sqlSessionFactory'; nested exception is org.springframework.beans.factory.BeanCreationException: Error creating bean with name 'sqlSessionFactory' defined in class path resource [org/mybatis/spring/boot/autoconfigure/MybatisAutoConfiguration.class]: Bean instantiation via factory method failed; nested exception is org.springframework.beans.BeanInstantiationException: Failed to instantiate [org.apache.ibatis.session.SqlSessionFactory]: Factory method 'sqlSessionFactory' threw exception; nested exception is org.springframework.core.NestedIOException: Failed to parse mapping resource: 'file [/Users/michealwang/IdeaProjects/beautifulapp/target/classes/mapper/ProjectDao.xml]'; nested exception is org.apache.ibatis.builder.BuilderException: Error parsing Mapper XML. The XML location is 'file [/Users/michealwang/IdeaProjects/beautifulapp/target/classes/mapper/ProjectDao.xml]'. Cause: java.lang.IllegalArgumentException: Mapped Statements collection already contains value for com.cqut.beautifulapp.dao.ProjectDao.queryAll. please check file [/Users/michealwang/IdeaProjects/beautifulapp/target/classes/mapper/ProjectDao.xml] and file [/Users/michealwang/IdeaProjects/beautifulapp/target/classes/mapper/ProjectDao.xml]
Caused by: org.springframework.beans.factory.BeanCreationException: Error creating bean with name 'sqlSessionFactory' defined in class path resource [org/mybatis/spring/boot/autoconfigure/MybatisAutoConfiguration.class]: Bean instantiation via factory method failed; nested exception is org.springframework.beans.BeanInstantiationException: Failed to instantiate [org.apache.ibatis.session.SqlSessionFactory]: Factory method 'sqlSessionFactory' threw exception; nested exception is org.springframework.core.NestedIOException: Failed to parse mapping resource: 'file [/Users/michealwang/IdeaProjects/beautifulapp/target/classes/mapper/ProjectDao.xml]'; nested exception is org.apache.ibatis.builder.BuilderException: Error parsing Mapper XML. The XML location is 'file [/Users/michealwang/IdeaProjects/beautifulapp/target/classes/mapper/ProjectDao.xml]'. Cause: java.lang.IllegalArgumentException: Mapped Statements collection already contains value for com.cqut.beautifulapp.dao.ProjectDao.queryAll. please check file [/Users/michealwang/IdeaProjects/beautifulapp/target/classes/mapper/ProjectDao.xml] and file [/Users/michealwang/IdeaProjects/beautifulapp/target/classes/mapper/ProjectDao.xml]
Caused by: org.springframework.beans.BeanInstantiationException: Failed to instantiate [org.apache.ibatis.session.SqlSessionFactory]: Factory method 'sqlSessionFactory' threw exception; nested exception is org.springframework.core.NestedIOException: Failed to parse mapping resource: 'file [/Users/michealwang/IdeaProjects/beautifulapp/target/classes/mapper/ProjectDao.xml]'; nested exception is org.apache.ibatis.builder.BuilderException: Error parsing Mapper XML. The XML location is 'file [/Users/michealwang/IdeaProjects/beautifulapp/target/classes/mapper/ProjectDao.xml]'. Cause: java.lang.IllegalArgumentException: Mapped Statements collection already contains value for com.cqut.beautifulapp.dao.ProjectDao.queryAll. please check file [/Users/michealwang/IdeaProjects/beautifulapp/target/classes/mapper/ProjectDao.xml] and file [/Users/michealwang/IdeaProjects/beautifulapp/target/classes/mapper/ProjectDao.xml]
Caused by: org.springframework.core.NestedIOException: Failed to parse mapping resource: 'file [/Users/michealwang/IdeaProjects/beautifulapp/target/classes/mapper/ProjectDao.xml]'; nested exception is org.apache.ibatis.builder.BuilderException: Error parsing Mapper XML. The XML location is 'file [/Users/michealwang/IdeaProjects/beautifulapp/target/classes/mapper/ProjectDao.xml]'. Cause: java.lang.IllegalArgumentException: Mapped Statements collection already contains value for com.cqut.beautifulapp.dao.ProjectDao.queryAll. please check file [/Users/michealwang/IdeaProjects/beautifulapp/target/classes/mapper/ProjectDao.xml] and file [/Users/michealwang/IdeaProjects/beautifulapp/target/classes/mapper/ProjectDao.xml]
Caused by: org.apache.ibatis.builder.BuilderException: Error parsing Mapper XML. The XML location is 'file [/Users/michealwang/IdeaProjects/beautifulapp/target/classes/mapper/ProjectDao.xml]'. Cause: java.lang.IllegalArgumentException: Mapped Statements collection already contains value for com.cqut.beautifulapp.dao.ProjectDao.queryAll. please check file [/Users/michealwang/IdeaProjects/beautifulapp/target/classes/mapper/ProjectDao.xml] and file [/Users/michealwang/IdeaProjects/beautifulapp/target/classes/mapper/ProjectDao.xml]
Caused by: java.lang.IllegalArgumentException: Mapped Statements collection already contains value for com.cqut.beautifulapp.dao.ProjectDao.queryAll. please check file [/Users/michealwang/IdeaProjects/beautifulapp/target/classes/mapper/ProjectDao.xml] and file [/Users/michealwang/IdeaProjects/beautifulapp/target/classes/mapper/ProjectDao.xml]

